{"numFailedTestSuites":0,"numFailedTests":0,"numPassedTestSuites":2,"numPassedTests":4,"numPendingTestSuites":0,"numPendingTests":0,"numRuntimeErrorTestSuites":0,"numTodoTests":0,"numTotalTestSuites":2,"numTotalTests":4,"openHandles":[],"snapshot":{"added":0,"didUpdate":false,"failure":false,"filesAdded":0,"filesRemoved":0,"filesRemovedList":[],"filesUnmatched":0,"filesUpdated":0,"matched":2,"total":2,"unchecked":0,"uncheckedKeysByFile":[],"unmatched":0,"updated":0},"startTime":1632969566754,"success":true,"testResults":[{"assertionResults":[{"ancestorTitles":["<Divider />"],"failureMessages":[],"fullName":"<Divider /> renders component without break","location":null,"status":"passed","title":"renders component without break"},{"ancestorTitles":["<Divider />"],"failureMessages":[],"fullName":"<Divider /> triggers sent onClick function","location":null,"status":"passed","title":"triggers sent onClick function"}],"endTime":1632969567525,"message":"","name":"/Users/liuxian/codeAll/临时文件夹/rem/rem-repo/packages/rem/src/Divider/Divider.test.js","startTime":1632969567066,"status":"passed","summary":""},{"assertionResults":[{"ancestorTitles":["<Tag />"],"failureMessages":[],"fullName":"<Tag /> renders component without break","location":null,"status":"passed","title":"renders component without break"},{"ancestorTitles":["<Tag />"],"failureMessages":[],"fullName":"<Tag /> triggers sent onClick function","location":null,"status":"passed","title":"triggers sent onClick function"}],"endTime":1632969567607,"message":"","name":"/Users/liuxian/codeAll/临时文件夹/rem/rem-repo/packages/rem/src/Tag/Tag.test.js","startTime":1632969567534,"status":"passed","summary":""}],"wasInterrupted":false,"coverageMap":{"/Users/liuxian/codeAll/临时文件夹/rem/rem-repo/packages/rem/src/Divider/Divider.tsx":{"path":"/Users/liuxian/codeAll/临时文件夹/rem/rem-repo/packages/rem/src/Divider/Divider.tsx","statementMap":{"0":{"start":{"line":8,"column":20},"end":{"line":8,"column":33}},"1":{"start":{"line":10,"column":24},"end":{"line":38,"column":2}},"2":{"start":{"line":25,"column":22},"end":{"line":32,"column":4}},"3":{"start":{"line":33,"column":2},"end":{"line":37,"column":4}},"4":{"start":{"line":40,"column":0},"end":{"line":44,"column":2}},"5":{"start":{"line":45,"column":0},"end":{"line":49,"column":2}}},"fnMap":{"0":{"name":"(anonymous_0)","decl":{"start":{"line":17,"column":2},"end":{"line":17,"column":3}},"loc":{"start":{"line":24,"column":9},"end":{"line":38,"column":1}},"line":24}},"branchMap":{"0":{"loc":{"start":{"line":18,"column":2},"end":{"line":18,"column":16}},"type":"default-arg","locations":[{"start":{"line":18,"column":14},"end":{"line":18,"column":16}}],"line":18},"1":{"loc":{"start":{"line":19,"column":2},"end":{"line":19,"column":17}},"type":"default-arg","locations":[{"start":{"line":19,"column":13},"end":{"line":19,"column":17}}],"line":19},"2":{"loc":{"start":{"line":20,"column":2},"end":{"line":20,"column":16}},"type":"default-arg","locations":[{"start":{"line":20,"column":11},"end":{"line":20,"column":16}}],"line":20},"3":{"loc":{"start":{"line":21,"column":2},"end":{"line":21,"column":28}},"type":"default-arg","locations":[{"start":{"line":21,"column":20},"end":{"line":21,"column":28}}],"line":21},"4":{"loc":{"start":{"line":22,"column":2},"end":{"line":22,"column":17}},"type":"default-arg","locations":[{"start":{"line":22,"column":13},"end":{"line":22,"column":17}}],"line":22},"5":{"loc":{"start":{"line":31,"column":5},"end":{"line":31,"column":22}},"type":"binary-expr","locations":[{"start":{"line":31,"column":5},"end":{"line":31,"column":14}},{"start":{"line":31,"column":16},"end":{"line":31,"column":22}}],"line":31}},"s":{"0":1,"1":1,"2":2,"3":2,"4":1,"5":1},"f":{"0":2},"b":{"0":[2],"1":[2],"2":[0],"3":[0],"4":[0],"5":[2,2]},"_coverageSchema":"1a1c01bbd47fc00a2c39e90264f33305004495a9","hash":"a9f7fac2ddbc996cd8834c56b96c372244e00a73"},"/Users/liuxian/codeAll/临时文件夹/rem/rem-repo/packages/rem/src/Tag/Tag.tsx":{"path":"/Users/liuxian/codeAll/临时文件夹/rem/rem-repo/packages/rem/src/Tag/Tag.tsx","statementMap":{"0":{"start":{"line":8,"column":20},"end":{"line":8,"column":29}},"1":{"start":{"line":10,"column":20},"end":{"line":45,"column":2}},"2":{"start":{"line":27,"column":22},"end":{"line":39,"column":4}},"3":{"start":{"line":40,"column":2},"end":{"line":44,"column":4}},"4":{"start":{"line":47,"column":0},"end":{"line":54,"column":2}},"5":{"start":{"line":55,"column":0},"end":{"line":62,"column":2}}},"fnMap":{"0":{"name":"(anonymous_0)","decl":{"start":{"line":17,"column":2},"end":{"line":17,"column":3}},"loc":{"start":{"line":26,"column":9},"end":{"line":45,"column":1}},"line":26}},"branchMap":{"0":{"loc":{"start":{"line":18,"column":2},"end":{"line":18,"column":16}},"type":"default-arg","locations":[{"start":{"line":18,"column":14},"end":{"line":18,"column":16}}],"line":18},"1":{"loc":{"start":{"line":19,"column":2},"end":{"line":19,"column":17}},"type":"default-arg","locations":[{"start":{"line":19,"column":9},"end":{"line":19,"column":17}}],"line":19},"2":{"loc":{"start":{"line":20,"column":2},"end":{"line":20,"column":14}},"type":"default-arg","locations":[{"start":{"line":20,"column":9},"end":{"line":20,"column":14}}],"line":20},"3":{"loc":{"start":{"line":21,"column":2},"end":{"line":21,"column":15}},"type":"default-arg","locations":[{"start":{"line":21,"column":10},"end":{"line":21,"column":15}}],"line":21},"4":{"loc":{"start":{"line":22,"column":2},"end":{"line":22,"column":15}},"type":"default-arg","locations":[{"start":{"line":22,"column":10},"end":{"line":22,"column":15}}],"line":22},"5":{"loc":{"start":{"line":23,"column":2},"end":{"line":23,"column":18}},"type":"default-arg","locations":[{"start":{"line":23,"column":9},"end":{"line":23,"column":18}}],"line":23},"6":{"loc":{"start":{"line":24,"column":2},"end":{"line":24,"column":17}},"type":"default-arg","locations":[{"start":{"line":24,"column":13},"end":{"line":24,"column":17}}],"line":24},"7":{"loc":{"start":{"line":38,"column":5},"end":{"line":38,"column":22}},"type":"binary-expr","locations":[{"start":{"line":38,"column":5},"end":{"line":38,"column":14}},{"start":{"line":38,"column":16},"end":{"line":38,"column":22}}],"line":38}},"s":{"0":1,"1":1,"2":2,"3":2,"4":1,"5":1},"f":{"0":2},"b":{"0":[0],"1":[0],"2":[0],"3":[0],"4":[0],"5":[0],"6":[2],"7":[2,2]},"_coverageSchema":"1a1c01bbd47fc00a2c39e90264f33305004495a9","hash":"22d7dbb3df67671adeb0d927cb0eadcd1fa9cf9d"}}}