{"numFailedTestSuites":0,"numFailedTests":0,"numPassedTestSuites":1,"numPassedTests":2,"numPendingTestSuites":0,"numPendingTests":0,"numRuntimeErrorTestSuites":0,"numTodoTests":0,"numTotalTestSuites":1,"numTotalTests":2,"openHandles":[],"snapshot":{"added":0,"didUpdate":false,"failure":false,"filesAdded":0,"filesRemoved":0,"filesRemovedList":[],"filesUnmatched":0,"filesUpdated":0,"matched":1,"total":1,"unchecked":0,"uncheckedKeysByFile":[],"unmatched":0,"updated":0},"startTime":1632563527212,"success":true,"testResults":[{"assertionResults":[{"ancestorTitles":["<Button />"],"failureMessages":[],"fullName":"<Button /> renders component without break","location":null,"status":"passed","title":"renders component without break"},{"ancestorTitles":["<Button />"],"failureMessages":[],"fullName":"<Button /> triggers sent onClick function","location":null,"status":"passed","title":"triggers sent onClick function"}],"endTime":1632563528072,"message":"","name":"/Users/liuxian/codeAll/临时文件夹/rem/rem-repo/packages/rem/src/Button/Button.test.js","startTime":1632563527553,"status":"passed","summary":""}],"wasInterrupted":false,"coverageMap":{"/Users/liuxian/codeAll/临时文件夹/rem/rem-repo/packages/rem/src/Button/Button.tsx":{"path":"/Users/liuxian/codeAll/临时文件夹/rem/rem-repo/packages/rem/src/Button/Button.tsx","statementMap":{"0":{"start":{"line":7,"column":15},"end":{"line":9,"column":1}},"1":{"start":{"line":8,"column":2},"end":{"line":8,"column":74}},"2":{"start":{"line":11,"column":0},"end":{"line":13,"column":2}}},"fnMap":{"0":{"name":"(anonymous_0)","decl":{"start":{"line":7,"column":15},"end":{"line":7,"column":16}},"loc":{"start":{"line":7,"column":43},"end":{"line":9,"column":1}},"line":7}},"branchMap":{},"s":{"0":1,"1":2,"2":1},"f":{"0":2},"b":{},"_coverageSchema":"1a1c01bbd47fc00a2c39e90264f33305004495a9","hash":"c7346294defb47114f359ff533358eca904d5c56"}}}